{"/home/trevor/dev/projects/javascript/promise-any-polyfill/js/implementation.js": {"path":"/home/trevor/dev/projects/javascript/promise-any-polyfill/js/implementation.js","statementMap":{"0":{"start":{"line":1,"column":27},"end":{"line":1,"column":340}},"1":{"start":{"line":1,"column":67},"end":{"line":1,"column":339}},"2":{"start":{"line":1,"column":123},"end":{"line":1,"column":154}},"3":{"start":{"line":1,"column":127},"end":{"line":1,"column":139}},"4":{"start":{"line":1,"column":149},"end":{"line":1,"column":153}},"5":{"start":{"line":1,"column":169},"end":{"line":1,"column":201}},"6":{"start":{"line":1,"column":173},"end":{"line":1,"column":186}},"7":{"start":{"line":1,"column":196},"end":{"line":1,"column":200}},"8":{"start":{"line":1,"column":222},"end":{"line":1,"column":305}},"9":{"start":{"line":1,"column":287},"end":{"line":1,"column":291}},"10":{"start":{"line":1,"column":306},"end":{"line":1,"column":336}},"11":{"start":{"line":1,"column":380},"end":{"line":1,"column":427}},"12":{"start":{"line":1,"column":403},"end":{"line":1,"column":425}},"13":{"start":{"line":1,"column":418},"end":{"line":1,"column":422}},"14":{"start":{"line":1,"column":428},"end":{"line":1,"column":758}},"15":{"start":{"line":1,"column":498},"end":{"line":1,"column":757}},"16":{"start":{"line":1,"column":542},"end":{"line":1,"column":754}},"17":{"start":{"line":1,"column":575},"end":{"line":1,"column":577}},"18":{"start":{"line":1,"column":580},"end":{"line":1,"column":581}},"19":{"start":{"line":1,"column":584},"end":{"line":1,"column":586}},"20":{"start":{"line":1,"column":595},"end":{"line":1,"column":614}},"21":{"start":{"line":1,"column":599},"end":{"line":1,"column":613}},"22":{"start":{"line":1,"column":617},"end":{"line":1,"column":649}},"23":{"start":{"line":1,"column":621},"end":{"line":1,"column":648}},"24":{"start":{"line":1,"column":650},"end":{"line":1,"column":752}},"25":{"start":{"line":1,"column":665},"end":{"line":1,"column":752}},"26":{"start":{"line":1,"column":695},"end":{"line":1,"column":696}},"27":{"start":{"line":1,"column":697},"end":{"line":1,"column":751}},"28":{"start":{"line":1,"column":710},"end":{"line":1,"column":714}},"29":{"start":{"line":1,"column":734},"end":{"line":1,"column":750}},"30":{"start":{"line":1,"column":745},"end":{"line":1,"column":749}},"31":{"start":{"line":1,"column":771},"end":{"line":1,"column":881}},"32":{"start":{"line":1,"column":882},"end":{"line":1,"column":930}},"33":{"start":{"line":1,"column":913},"end":{"line":1,"column":927}}},"fnMap":{"0":{"name":"(anonymous_0)","decl":{"start":{"line":1,"column":49},"end":{"line":1,"column":50}},"loc":{"start":{"line":1,"column":66},"end":{"line":1,"column":340}},"line":1},"1":{"name":"(anonymous_1)","decl":{"start":{"line":1,"column":95},"end":{"line":1,"column":96}},"loc":{"start":{"line":1,"column":108},"end":{"line":1,"column":337}},"line":1},"2":{"name":"s","decl":{"start":{"line":1,"column":118},"end":{"line":1,"column":119}},"loc":{"start":{"line":1,"column":122},"end":{"line":1,"column":155}},"line":1},"3":{"name":"c","decl":{"start":{"line":1,"column":164},"end":{"line":1,"column":165}},"loc":{"start":{"line":1,"column":168},"end":{"line":1,"column":202}},"line":1},"4":{"name":"u","decl":{"start":{"line":1,"column":211},"end":{"line":1,"column":212}},"loc":{"start":{"line":1,"column":215},"end":{"line":1,"column":306}},"line":1},"5":{"name":"(anonymous_5)","decl":{"start":{"line":1,"column":275},"end":{"line":1,"column":276}},"loc":{"start":{"line":1,"column":286},"end":{"line":1,"column":292}},"line":1},"6":{"name":"getTimedResolvingPromise","decl":{"start":{"line":1,"column":350},"end":{"line":1,"column":374}},"loc":{"start":{"line":1,"column":379},"end":{"line":1,"column":428}},"line":1},"7":{"name":"(anonymous_7)","decl":{"start":{"line":1,"column":399},"end":{"line":1,"column":400}},"loc":{"start":{"line":1,"column":402},"end":{"line":1,"column":426}},"line":1},"8":{"name":"(anonymous_8)","decl":{"start":{"line":1,"column":414},"end":{"line":1,"column":415}},"loc":{"start":{"line":1,"column":418},"end":{"line":1,"column":422}},"line":1},"9":{"name":"(anonymous_9)","decl":{"start":{"line":1,"column":495},"end":{"line":1,"column":496}},"loc":{"start":{"line":1,"column":498},"end":{"line":1,"column":757}},"line":1},"10":{"name":"(anonymous_10)","decl":{"start":{"line":1,"column":530},"end":{"line":1,"column":531}},"loc":{"start":{"line":1,"column":541},"end":{"line":1,"column":755}},"line":1},"11":{"name":"(anonymous_11)","decl":{"start":{"line":1,"column":561},"end":{"line":1,"column":562}},"loc":{"start":{"line":1,"column":568},"end":{"line":1,"column":753}},"line":1},"12":{"name":"(anonymous_12)","decl":{"start":{"line":1,"column":595},"end":{"line":1,"column":596}},"loc":{"start":{"line":1,"column":598},"end":{"line":1,"column":614}},"line":1},"13":{"name":"(anonymous_13)","decl":{"start":{"line":1,"column":617},"end":{"line":1,"column":618}},"loc":{"start":{"line":1,"column":620},"end":{"line":1,"column":649}},"line":1},"14":{"name":"(anonymous_14)","decl":{"start":{"line":1,"column":707},"end":{"line":1,"column":708}},"loc":{"start":{"line":1,"column":710},"end":{"line":1,"column":714}},"line":1},"15":{"name":"(anonymous_15)","decl":{"start":{"line":1,"column":742},"end":{"line":1,"column":743}},"loc":{"start":{"line":1,"column":745},"end":{"line":1,"column":749}},"line":1},"16":{"name":"(anonymous_16)","decl":{"start":{"line":1,"column":909},"end":{"line":1,"column":910}},"loc":{"start":{"line":1,"column":912},"end":{"line":1,"column":928}},"line":1}},"branchMap":{"0":{"loc":{"start":{"line":1,"column":27},"end":{"line":1,"column":340}},"type":"binary-expr","locations":[{"start":{"line":1,"column":27},"end":{"line":1,"column":31}},{"start":{"line":1,"column":33},"end":{"line":1,"column":47}},{"start":{"line":1,"column":49},"end":{"line":1,"column":340}}],"line":1},"1":{"loc":{"start":{"line":1,"column":78},"end":{"line":1,"column":92}},"type":"binary-expr","locations":[{"start":{"line":1,"column":78},"end":{"line":1,"column":79}},{"start":{"line":1,"column":82},"end":{"line":1,"column":91}}],"line":1},"2":{"loc":{"start":{"line":1,"column":222},"end":{"line":1,"column":305}},"type":"cond-expr","locations":[{"start":{"line":1,"column":229},"end":{"line":1,"column":239}},{"start":{"line":1,"column":240},"end":{"line":1,"column":305}}],"line":1},"3":{"loc":{"start":{"line":1,"column":251},"end":{"line":1,"column":294}},"type":"cond-expr","locations":[{"start":{"line":1,"column":266},"end":{"line":1,"column":267}},{"start":{"line":1,"column":268},"end":{"line":1,"column":294}}],"line":1},"4":{"loc":{"start":{"line":1,"column":321},"end":{"line":1,"column":326}},"type":"binary-expr","locations":[{"start":{"line":1,"column":321},"end":{"line":1,"column":322}},{"start":{"line":1,"column":324},"end":{"line":1,"column":326}}],"line":1},"5":{"loc":{"start":{"line":1,"column":599},"end":{"line":1,"column":613}},"type":"binary-expr","locations":[{"start":{"line":1,"column":599},"end":{"line":1,"column":600}},{"start":{"line":1,"column":603},"end":{"line":1,"column":612}}],"line":1},"6":{"loc":{"start":{"line":1,"column":631},"end":{"line":1,"column":648}},"type":"binary-expr","locations":[{"start":{"line":1,"column":631},"end":{"line":1,"column":642}},{"start":{"line":1,"column":644},"end":{"line":1,"column":648}}],"line":1},"7":{"loc":{"start":{"line":1,"column":665},"end":{"line":1,"column":752}},"type":"if","locations":[{"start":{"line":1,"column":665},"end":{"line":1,"column":752}},{"start":{"line":1,"column":665},"end":{"line":1,"column":752}}],"line":1},"8":{"loc":{"start":{"line":1,"column":697},"end":{"line":1,"column":751}},"type":"if","locations":[{"start":{"line":1,"column":697},"end":{"line":1,"column":751}},{"start":{"line":1,"column":697},"end":{"line":1,"column":751}}],"line":1}},"s":{"0":1,"1":5,"2":0,"3":0,"4":0,"5":0,"6":0,"7":0,"8":5,"9":0,"10":5,"11":3,"12":3,"13":0,"14":1,"15":5,"16":5,"17":5,"18":5,"19":5,"20":5,"21":0,"22":5,"23":0,"24":5,"25":16,"26":15,"27":15,"28":0,"29":15,"30":0,"31":1,"32":1,"33":0},"f":{"0":5,"1":5,"2":0,"3":0,"4":5,"5":0,"6":3,"7":3,"8":0,"9":5,"10":5,"11":5,"12":0,"13":0,"14":0,"15":0,"16":0},"b":{"0":[1,1,1],"1":[5,5],"2":[5,0],"3":[0,0],"4":[5,5],"5":[0,0],"6":[0,0],"7":[15,1],"8":[15,0]},"_coverageSchema":"43e27e138ebf9cfc5966b082cf9a028302ed4184","hash":"c67c81c93a8bc5171cc0726629c76079975d4411"}
}
