TN:
SF:/home/trevor/dev/projects/javascript/promise-any-polyfill/js/implementation.js
FN:1,(anonymous_0)
FN:1,(anonymous_1)
FN:1,s
FN:1,c
FN:1,u
FN:1,(anonymous_5)
FN:1,getTimedResolvingPromise
FN:1,(anonymous_7)
FN:1,(anonymous_8)
FN:1,(anonymous_9)
FN:1,(anonymous_10)
FN:1,(anonymous_11)
FN:1,(anonymous_12)
FN:1,(anonymous_13)
FN:1,(anonymous_14)
FN:1,(anonymous_15)
FN:1,(anonymous_16)
FNF:17
FNH:8
FNDA:5,(anonymous_0)
FNDA:5,(anonymous_1)
FNDA:0,s
FNDA:0,c
FNDA:5,u
FNDA:0,(anonymous_5)
FNDA:3,getTimedResolvingPromise
FNDA:3,(anonymous_7)
FNDA:0,(anonymous_8)
FNDA:5,(anonymous_9)
FNDA:5,(anonymous_10)
FNDA:5,(anonymous_11)
FNDA:0,(anonymous_12)
FNDA:0,(anonymous_13)
FNDA:0,(anonymous_14)
FNDA:0,(anonymous_15)
FNDA:0,(anonymous_16)
DA:1,16
LF:1
LH:1
BRDA:1,0,0,1
BRDA:1,0,1,1
BRDA:1,0,2,1
BRDA:1,1,0,5
BRDA:1,1,1,5
BRDA:1,2,0,5
BRDA:1,2,1,0
BRDA:1,3,0,0
BRDA:1,3,1,0
BRDA:1,4,0,5
BRDA:1,4,1,5
BRDA:1,5,0,0
BRDA:1,5,1,0
BRDA:1,6,0,0
BRDA:1,6,1,0
BRDA:1,7,0,15
BRDA:1,7,1,1
BRDA:1,8,0,15
BRDA:1,8,1,0
BRF:19
BRH:11
end_of_record
